<?xml version="1.0" encoding="UTF-8"?>
<testng-results ignored="0" total="1" passed="1" failed="0" skipped="0">
  <reporter-output>
  </reporter-output>
  <suite started-at="2022-07-30T09:22:29 IST" name="Default suite" finished-at="2022-07-30T09:23:18 IST" duration-ms="49022">
    <groups>
    </groups>
    <test started-at="2022-07-30T09:22:29 IST" name="Default test" finished-at="2022-07-30T09:23:18 IST" duration-ms="49022">
      <class name="pom.test">
        <test-method is-config="true" signature="openbrowser()[pri:0, instance:pom.test@4229bb3f]" started-at="2022-07-30T09:22:29 IST" name="openbrowser" finished-at="2022-07-30T09:22:48 IST" duration-ms="18950" status="PASS">
          <reporter-output>
          </reporter-output>
        </test-method> <!-- openbrowser -->
        <test-method is-config="true" signature="signin()[pri:0, instance:pom.test@4229bb3f]" started-at="2022-07-30T09:22:48 IST" name="signin" finished-at="2022-07-30T09:23:02 IST" duration-ms="13502" status="PASS">
          <reporter-output>
          </reporter-output>
        </test-method> <!-- signin -->
        <test-method signature="verify()[pri:0, instance:pom.test@4229bb3f]" started-at="2022-07-30T09:23:02 IST" name="verify" finished-at="2022-07-30T09:23:18 IST" duration-ms="16455" status="PASS">
          <reporter-output>
          </reporter-output>
        </test-method> <!-- verify -->
      </class> <!-- pom.test -->
    </test> <!-- Default test -->
  </suite> <!-- Default suite -->
</testng-results>
